[2024-11-29 23:06:55] laravel.EMERGENCY: Unable to create configured logger. Using emergency logger. {"exception":"[object] (InvalidArgumentException(code: 0): Log [] is not defined. at C:\\Users\\user\\Documents\\folder-x\\appractic.so\\vendor\\laravel\\framework\\src\\Illuminate\\Log\\LogManager.php:210)
[stacktrace]
#0 C:\\Users\\user\\Documents\\folder-x\\appractic.so\\vendor\\laravel\\framework\\src\\Illuminate\\Log\\LogManager.php(135): Illuminate\\Log\\LogManager->resolve()
#1 C:\\Users\\user\\Documents\\folder-x\\appractic.so\\vendor\\laravel\\framework\\src\\Illuminate\\Log\\LogManager.php(122): Illuminate\\Log\\LogManager->get()
#2 C:\\Users\\user\\Documents\\folder-x\\appractic.so\\vendor\\laravel\\framework\\src\\Illuminate\\Log\\LogManager.php(645): Illuminate\\Log\\LogManager->driver()
#3 C:\\Users\\user\\Documents\\folder-x\\appractic.so\\vendor\\laravel\\framework\\src\\Illuminate\\Foundation\\Exceptions\\Handler.php(274): Illuminate\\Log\\LogManager->error()
#4 C:\\Users\\user\\Documents\\folder-x\\appractic.so\\vendor\\laravel\\framework\\src\\Illuminate\\Foundation\\Console\\Kernel.php(454): Illuminate\\Foundation\\Exceptions\\Handler->report()
#5 C:\\Users\\user\\Documents\\folder-x\\appractic.so\\vendor\\laravel\\framework\\src\\Illuminate\\Foundation\\Console\\Kernel.php(157): Illuminate\\Foundation\\Console\\Kernel->reportException()
#6 C:\\Users\\user\\Documents\\folder-x\\appractic.so\\artisan(34): Illuminate\\Foundation\\Console\\Kernel->handle()
#7 {main}
"} 
[2024-11-29 23:06:55] laravel.ERROR: Unable to load the "app" configuration file. {"exception":"[object] (Exception(code: 0): Unable to load the \"app\" configuration file. at C:\\Users\\user\\Documents\\folder-x\\appractic.so\\vendor\\laravel\\framework\\src\\Illuminate\\Foundation\\Bootstrap\\LoadConfiguration.php:66)
[stacktrace]
#0 C:\\Users\\user\\Documents\\folder-x\\appractic.so\\vendor\\laravel\\framework\\src\\Illuminate\\Foundation\\Bootstrap\\LoadConfiguration.php(39): Illuminate\\Foundation\\Bootstrap\\LoadConfiguration->loadConfigurationFiles()
#1 C:\\Users\\user\\Documents\\folder-x\\appractic.so\\vendor\\laravel\\framework\\src\\Illuminate\\Foundation\\Application.php(242): Illuminate\\Foundation\\Bootstrap\\LoadConfiguration->bootstrap()
#2 C:\\Users\\user\\Documents\\folder-x\\appractic.so\\vendor\\laravel\\framework\\src\\Illuminate\\Foundation\\Console\\Kernel.php(383): Illuminate\\Foundation\\Application->bootstrapWith()
#3 C:\\Users\\user\\Documents\\folder-x\\appractic.so\\vendor\\laravel\\framework\\src\\Illuminate\\Foundation\\Console\\Kernel.php(153): Illuminate\\Foundation\\Console\\Kernel->bootstrap()
#4 C:\\Users\\user\\Documents\\folder-x\\appractic.so\\artisan(34): Illuminate\\Foundation\\Console\\Kernel->handle()
#5 {main}
"} 
[2024-11-29 23:08:15] laravel.EMERGENCY: Unable to create configured logger. Using emergency logger. {"exception":"[object] (InvalidArgumentException(code: 0): Log [] is not defined. at C:\\Users\\user\\Documents\\folder-x\\appractic.so\\vendor\\laravel\\framework\\src\\Illuminate\\Log\\LogManager.php:210)
[stacktrace]
#0 C:\\Users\\user\\Documents\\folder-x\\appractic.so\\vendor\\laravel\\framework\\src\\Illuminate\\Log\\LogManager.php(135): Illuminate\\Log\\LogManager->resolve()
#1 C:\\Users\\user\\Documents\\folder-x\\appractic.so\\vendor\\laravel\\framework\\src\\Illuminate\\Log\\LogManager.php(122): Illuminate\\Log\\LogManager->get()
#2 C:\\Users\\user\\Documents\\folder-x\\appractic.so\\vendor\\laravel\\framework\\src\\Illuminate\\Log\\LogManager.php(645): Illuminate\\Log\\LogManager->driver()
#3 C:\\Users\\user\\Documents\\folder-x\\appractic.so\\vendor\\laravel\\framework\\src\\Illuminate\\Foundation\\Exceptions\\Handler.php(274): Illuminate\\Log\\LogManager->error()
#4 C:\\Users\\user\\Documents\\folder-x\\appractic.so\\vendor\\laravel\\framework\\src\\Illuminate\\Foundation\\Console\\Kernel.php(454): Illuminate\\Foundation\\Exceptions\\Handler->report()
#5 C:\\Users\\user\\Documents\\folder-x\\appractic.so\\vendor\\laravel\\framework\\src\\Illuminate\\Foundation\\Console\\Kernel.php(157): Illuminate\\Foundation\\Console\\Kernel->reportException()
#6 C:\\Users\\user\\Documents\\folder-x\\appractic.so\\artisan(34): Illuminate\\Foundation\\Console\\Kernel->handle()
#7 {main}
"} 
[2024-11-29 23:08:15] laravel.ERROR: The C:\Users\user\Documents\folder-x\appractic.so\bootstrap\cache directory must be present and writable. {"exception":"[object] (Exception(code: 0): The C:\\Users\\user\\Documents\\folder-x\\appractic.so\\bootstrap\\cache directory must be present and writable. at C:\\Users\\user\\Documents\\folder-x\\appractic.so\\vendor\\laravel\\framework\\src\\Illuminate\\Foundation\\PackageManifest.php:178)
[stacktrace]
#0 C:\\Users\\user\\Documents\\folder-x\\appractic.so\\vendor\\laravel\\framework\\src\\Illuminate\\Foundation\\PackageManifest.php(131): Illuminate\\Foundation\\PackageManifest->write()
#1 C:\\Users\\user\\Documents\\folder-x\\appractic.so\\vendor\\laravel\\framework\\src\\Illuminate\\Foundation\\PackageManifest.php(107): Illuminate\\Foundation\\PackageManifest->build()
#2 C:\\Users\\user\\Documents\\folder-x\\appractic.so\\vendor\\laravel\\framework\\src\\Illuminate\\Foundation\\PackageManifest.php(90): Illuminate\\Foundation\\PackageManifest->getManifest()
#3 C:\\Users\\user\\Documents\\folder-x\\appractic.so\\vendor\\laravel\\framework\\src\\Illuminate\\Foundation\\PackageManifest.php(79): Illuminate\\Foundation\\PackageManifest->config()
#4 C:\\Users\\user\\Documents\\folder-x\\appractic.so\\vendor\\laravel\\framework\\src\\Illuminate\\Foundation\\Bootstrap\\RegisterFacades.php(26): Illuminate\\Foundation\\PackageManifest->aliases()
#5 C:\\Users\\user\\Documents\\folder-x\\appractic.so\\vendor\\laravel\\framework\\src\\Illuminate\\Foundation\\Application.php(242): Illuminate\\Foundation\\Bootstrap\\RegisterFacades->bootstrap()
#6 C:\\Users\\user\\Documents\\folder-x\\appractic.so\\vendor\\laravel\\framework\\src\\Illuminate\\Foundation\\Console\\Kernel.php(383): Illuminate\\Foundation\\Application->bootstrapWith()
#7 C:\\Users\\user\\Documents\\folder-x\\appractic.so\\vendor\\laravel\\framework\\src\\Illuminate\\Foundation\\Console\\Kernel.php(153): Illuminate\\Foundation\\Console\\Kernel->bootstrap()
#8 C:\\Users\\user\\Documents\\folder-x\\appractic.so\\artisan(34): Illuminate\\Foundation\\Console\\Kernel->handle()
#9 {main}
"} 
[2024-11-29 23:09:51] laravel.EMERGENCY: Unable to create configured logger. Using emergency logger. {"exception":"[object] (InvalidArgumentException(code: 0): Log [] is not defined. at C:\\Users\\user\\Documents\\folder-x\\appractic.so\\vendor\\laravel\\framework\\src\\Illuminate\\Log\\LogManager.php:210)
[stacktrace]
#0 C:\\Users\\user\\Documents\\folder-x\\appractic.so\\vendor\\laravel\\framework\\src\\Illuminate\\Log\\LogManager.php(135): Illuminate\\Log\\LogManager->resolve()
#1 C:\\Users\\user\\Documents\\folder-x\\appractic.so\\vendor\\laravel\\framework\\src\\Illuminate\\Log\\LogManager.php(122): Illuminate\\Log\\LogManager->get()
#2 C:\\Users\\user\\Documents\\folder-x\\appractic.so\\vendor\\laravel\\framework\\src\\Illuminate\\Log\\LogManager.php(645): Illuminate\\Log\\LogManager->driver()
#3 C:\\Users\\user\\Documents\\folder-x\\appractic.so\\vendor\\laravel\\framework\\src\\Illuminate\\Foundation\\Exceptions\\Handler.php(274): Illuminate\\Log\\LogManager->error()
#4 C:\\Users\\user\\Documents\\folder-x\\appractic.so\\vendor\\nunomaduro\\collision\\src\\Adapters\\Laravel\\ExceptionHandler.php(46): Illuminate\\Foundation\\Exceptions\\Handler->report()
#5 C:\\Users\\user\\Documents\\folder-x\\appractic.so\\vendor\\laravel\\framework\\src\\Illuminate\\Foundation\\Console\\Kernel.php(454): NunoMaduro\\Collision\\Adapters\\Laravel\\ExceptionHandler->report()
#6 C:\\Users\\user\\Documents\\folder-x\\appractic.so\\vendor\\laravel\\framework\\src\\Illuminate\\Foundation\\Console\\Kernel.php(157): Illuminate\\Foundation\\Console\\Kernel->reportException()
#7 C:\\Users\\user\\Documents\\folder-x\\appractic.so\\artisan(34): Illuminate\\Foundation\\Console\\Kernel->handle()
#8 {main}
"} 
[2024-11-29 23:09:51] laravel.ERROR: require(C:\Users\user\Documents\folder-x\appractic.so\routes/console.php): Failed to open stream: No such file or directory {"exception":"[object] (ErrorException(code: 0): require(C:\\Users\\user\\Documents\\folder-x\\appractic.so\\routes/console.php): Failed to open stream: No such file or directory at C:\\Users\\user\\Documents\\folder-x\\appractic.so\\src\\Console\\Kernel.php:25)
[stacktrace]
#0 C:\\Users\\user\\Documents\\folder-x\\appractic.so\\vendor\\laravel\\framework\\src\\Illuminate\\Foundation\\Bootstrap\\HandleExceptions.php(270): Illuminate\\Foundation\\Bootstrap\\HandleExceptions->handleError()
#1 C:\\Users\\user\\Documents\\folder-x\\appractic.so\\src\\Console\\Kernel.php(25): Illuminate\\Foundation\\Bootstrap\\HandleExceptions->Illuminate\\Foundation\\Bootstrap\\{closure}()
#2 C:\\Users\\user\\Documents\\folder-x\\appractic.so\\src\\Console\\Kernel.php(25): require('...')
#3 C:\\Users\\user\\Documents\\folder-x\\appractic.so\\vendor\\laravel\\framework\\src\\Illuminate\\Foundation\\Console\\Kernel.php(389): Inovector\\Appractic\\Console\\Kernel->commands()
#4 C:\\Users\\user\\Documents\\folder-x\\appractic.so\\vendor\\laravel\\framework\\src\\Illuminate\\Foundation\\Console\\Kernel.php(153): Illuminate\\Foundation\\Console\\Kernel->bootstrap()
#5 C:\\Users\\user\\Documents\\folder-x\\appractic.so\\artisan(34): Illuminate\\Foundation\\Console\\Kernel->handle()
#6 {main}
"} 
